<?xml version="1.0" encoding="utf-8"?><testsuites><testsuite name="pytest" errors="0" failures="0" skipped="0" tests="31" time="0.413" timestamp="2022-10-31T12:22:25.755619" hostname="dell-alceu"><testcase classname="tests.test_cli_run" name="test_input_integer_negative_number" time="0.004" /><testcase classname="tests.test_cli_run" name="test_run" time="0.009" /><testcase classname="tests.test_pagination_generator" name="test__get_beggining[1-result_to_assert0]" time="0.001" /><testcase classname="tests.test_pagination_generator" name="test__get_beggining[2-result_to_assert1]" time="0.001" /><testcase classname="tests.test_pagination_generator" name="test__get_beggining[3-result_to_assert2]" time="0.001" /><testcase classname="tests.test_pagination_generator" name="test__get_middle[10-1-result_to_assert0]" time="0.001" /><testcase classname="tests.test_pagination_generator" name="test__get_middle[10-2-result_to_assert1]" time="0.002" /><testcase classname="tests.test_pagination_generator" name="test__get_middle[10-3-result_to_assert2]" time="0.003" /><testcase classname="tests.test_pagination_generator" name="test__get_end[10-1-result_to_assert0]" time="0.001" /><testcase classname="tests.test_pagination_generator" name="test__get_end[10-2-result_to_assert1]" time="0.001" /><testcase classname="tests.test_pagination_generator" name="test__get_end[10-3-result_to_assert2]" time="0.001" /><testcase classname="tests.test_pagination_generator" name="test__clean_numbers_out_of_range[under_zero]" time="0.001" /><testcase classname="tests.test_pagination_generator" name="test__clean_numbers_out_of_range[over_total_pages]" time="0.002" /><testcase classname="tests.test_pagination_generator" name="test__get_indexes_to_be_fold[one_interval_short]" time="0.004" /><testcase classname="tests.test_pagination_generator" name="test__get_indexes_to_be_fold[one_interval_long]" time="0.002" /><testcase classname="tests.test_pagination_generator" name="test__get_indexes_to_be_fold[two_interval_short]" time="0.001" /><testcase classname="tests.test_pagination_generator" name="test__get_indexes_to_be_fold[two_interval_long]" time="0.003" /><testcase classname="tests.test_pagination_generator" name="test_build_pagination" time="0.039" /><testcase classname="tests.test_pagination_generator_error_handler" name="test__check_short_total_pages" time="0.003" /><testcase classname="tests.test_pagination_generator_error_handler" name="test__check_current_page_out_of_range" time="0.001" /><testcase classname="tests.test_pagination_generator_integration" name="test_big_interval" time="0.002" /><testcase classname="tests.test_pagination_generator_integration" name="test_short_interval" time="0.002" /><testcase classname="tests.test_pagination_generator_integration" name="test_big_range_no_boundaries" time="0.003" /><testcase classname="tests.test_pagination_generator_integration" name="test_short_range_no_boundaries" time="0.002" /><testcase classname="tests.test_pagination_generator_integration" name="test_overlaping_boundaries" time="0.002" /><testcase classname="tests.test_pagination_generator_integration" name="test_overlaping_boundaries_and_around" time="0.002" /><testcase classname="tests.test_pagination_generator_integration" name="test_around_or_boundaries_greater_than_total_pages" time="0.001" /><testcase classname="tests.test_pagination_generator_integration" name="test_current_page_zero" time="0.002" /><testcase classname="tests.test_pagination_generator_integration" name="test_total_pages_zero" time="0.001" /><testcase classname="tests.test_pagination_generator_integration" name="test_boundaries_zero" time="0.001" /><testcase classname="tests.test_pagination_generator_integration" name="test_aroud_zero" time="0.002" /></testsuite></testsuites>